Advanced Watchdog Started for service: docker
Interval: 10 seconds
------------------------------------------
Sat Nov 29 08:35:25 PM IST 2025: docker is running.
Sat Nov 29 08:35:35 PM IST 2025: docker is running.
Sat Nov 29 08:35:45 PM IST 2025: docker is running.
Sat Nov 29 08:35:55 PM IST 2025: docker is running.
Sat Nov 29 08:36:05 PM IST 2025: docker is running.
Sat Nov 29 08:36:15 PM IST 2025: docker is running.
Sat Nov 29 08:36:25 PM IST 2025: [ALERT] docker is DOWN!
Attempting restart...
Sat Nov 29 08:36:26 PM IST 2025: Restart SUCCESSFUL.
Sat Nov 29 08:36:36 PM IST 2025: docker is running.
Sat Nov 29 08:36:46 PM IST 2025: docker is running.
Sat Nov 29 08:36:56 PM IST 2025: docker is running.
Sat Nov 29 08:37:06 PM IST 2025: docker is running.
Sat Nov 29 08:37:16 PM IST 2025: docker is running.
Sat Nov 29 08:37:26 PM IST 2025: docker is running.
Sat Nov 29 08:37:36 PM IST 2025: docker is running.
Sat Nov 29 08:37:46 PM IST 2025: docker is running.
Sat Nov 29 08:37:56 PM IST 2025: docker is running.
Sat Nov 29 08:38:06 PM IST 2025: docker is running.
